<?xml version="1.0" encoding="UTF-8"?>
<!-- Generated by org.testng.reporters.JUnitXMLReporter -->
<testsuite hostname="Dell1" ignored="1" name="Test1" tests="2" failures="0" timestamp="2020-01-07T15:15:38 GMT" time="17.36" errors="0">
  <testcase name="googleSearch" time="2.181" classname="test.TestNG_Demo"/>
  <testcase name="googleSearch3" time="2.975" classname="test.TestNG_Demo2"/>
  <testcase name="googleSearch2" time="0.0" classname="test.TestNG_Demo2">
    <ignored/>
  </testcase> <!-- googleSearch2 -->
</testsuite> <!-- Test1 -->
