<?xml version="1.0" encoding="UTF-8"?>
<testng-results ignored="0" total="6" passed="6" failed="0" skipped="0">
  <reporter-output>
  </reporter-output>
  <suite started-at="2021-12-13T15:40:00 GMT" name="Default suite" finished-at="2021-12-13T15:41:25 GMT" duration-ms="85718">
    <groups>
    </groups>
    <test started-at="2021-12-13T15:40:00 GMT" name="Default test" finished-at="2021-12-13T15:41:25 GMT" duration-ms="85718">
      <class name="demo.Test_HW_WExtReports_Add2Cart_EmptyCart_DataDriven">
        <test-method is-config="true" signature="setUp()[pri:0, instance:demo.Test_HW_WExtReports_Add2Cart_EmptyCart_DataDriven@2f7c2f4f]" started-at="2021-12-13T15:40:00 GMT" name="setUp" finished-at="2021-12-13T15:40:00 GMT" duration-ms="206" status="PASS">
          <reporter-output>
          </reporter-output>
        </test-method> <!-- setUp -->
        <test-method is-config="true" signature="setUpTest()[pri:0, instance:demo.Test_HW_WExtReports_Add2Cart_EmptyCart_DataDriven@2f7c2f4f]" started-at="2021-12-13T15:40:00 GMT" name="setUpTest" finished-at="2021-12-13T15:40:01 GMT" duration-ms="1465" status="PASS">
          <reporter-output>
          </reporter-output>
        </test-method> <!-- setUpTest -->
        <test-method signature="test1()[pri:0, instance:demo.Test_HW_WExtReports_Add2Cart_EmptyCart_DataDriven@2f7c2f4f]" started-at="2021-12-13T15:40:01 GMT" name="test1" finished-at="2021-12-13T15:40:23 GMT" duration-ms="21316" status="PASS">
          <reporter-output>
          </reporter-output>
        </test-method> <!-- test1 -->
        <test-method is-config="true" signature="afterMethod(org.testng.ITestResult)[pri:0, instance:demo.Test_HW_WExtReports_Add2Cart_EmptyCart_DataDriven@2f7c2f4f]" started-at="2021-12-13T15:40:23 GMT" name="afterMethod" finished-at="2021-12-13T15:40:23 GMT" duration-ms="2" status="PASS">
          <params>
            <param index="0">
              <value>
                <![CDATA[[TestResult name=test1 status=SUCCESS method=Test_HW_WExtReports_Add2Cart_EmptyCart_DataDriven.test1()[pri:0, instance:demo.Test_HW_WExtReports_Add2Cart_EmptyCart_DataDriven@2f7c2f4f] output={null}]]]>
              </value>
            </param>
          </params>
          <reporter-output>
          </reporter-output>
        </test-method> <!-- afterMethod -->
        <test-method signature="test2(java.lang.String)[pri:0, instance:demo.Test_HW_WExtReports_Add2Cart_EmptyCart_DataDriven@2f7c2f4f]" started-at="2021-12-13T15:40:23 GMT" name="test2" data-provider="productdata" finished-at="2021-12-13T15:40:51 GMT" duration-ms="27989" status="PASS">
          <params>
            <param index="0">
              <value>
                <![CDATA[CQR21332]]>
              </value>
            </param>
          </params>
          <reporter-output>
          </reporter-output>
        </test-method> <!-- test2 -->
        <test-method is-config="true" signature="afterMethod(org.testng.ITestResult)[pri:0, instance:demo.Test_HW_WExtReports_Add2Cart_EmptyCart_DataDriven@2f7c2f4f]" started-at="2021-12-13T15:40:51 GMT" name="afterMethod" finished-at="2021-12-13T15:40:51 GMT" duration-ms="0" status="PASS">
          <params>
            <param index="0">
              <value>
                <![CDATA[[TestResult name=test2 status=SUCCESS method=Test_HW_WExtReports_Add2Cart_EmptyCart_DataDriven.test2(java.lang.String)[pri:0, instance:demo.Test_HW_WExtReports_Add2Cart_EmptyCart_DataDriven@2f7c2f4f] output={null}]]]>
              </value>
            </param>
          </params>
          <reporter-output>
          </reporter-output>
        </test-method> <!-- afterMethod -->
        <test-method signature="test2(java.lang.String)[pri:0, instance:demo.Test_HW_WExtReports_Add2Cart_EmptyCart_DataDriven@2f7c2f4f]" started-at="2021-12-13T15:40:51 GMT" name="test2" data-provider="productdata" finished-at="2021-12-13T15:41:00 GMT" duration-ms="8871" status="PASS">
          <params>
            <param index="0">
              <value>
                <![CDATA[PA02048]]>
              </value>
            </param>
          </params>
          <reporter-output>
          </reporter-output>
        </test-method> <!-- test2 -->
        <test-method is-config="true" signature="afterMethod(org.testng.ITestResult)[pri:0, instance:demo.Test_HW_WExtReports_Add2Cart_EmptyCart_DataDriven@2f7c2f4f]" started-at="2021-12-13T15:41:00 GMT" name="afterMethod" finished-at="2021-12-13T15:41:00 GMT" duration-ms="0" status="PASS">
          <params>
            <param index="0">
              <value>
                <![CDATA[[TestResult name=test2 status=SUCCESS method=Test_HW_WExtReports_Add2Cart_EmptyCart_DataDriven.test2(java.lang.String)[pri:0, instance:demo.Test_HW_WExtReports_Add2Cart_EmptyCart_DataDriven@2f7c2f4f] output={null}]]]>
              </value>
            </param>
          </params>
          <reporter-output>
          </reporter-output>
        </test-method> <!-- afterMethod -->
        <test-method signature="test2(java.lang.String)[pri:0, instance:demo.Test_HW_WExtReports_Add2Cart_EmptyCart_DataDriven@2f7c2f4f]" started-at="2021-12-13T15:41:00 GMT" name="test2" data-provider="productdata" finished-at="2021-12-13T15:41:08 GMT" duration-ms="8346" status="PASS">
          <params>
            <param index="0">
              <value>
                <![CDATA[SV43510]]>
              </value>
            </param>
          </params>
          <reporter-output>
          </reporter-output>
        </test-method> <!-- test2 -->
        <test-method is-config="true" signature="afterMethod(org.testng.ITestResult)[pri:0, instance:demo.Test_HW_WExtReports_Add2Cart_EmptyCart_DataDriven@2f7c2f4f]" started-at="2021-12-13T15:41:08 GMT" name="afterMethod" finished-at="2021-12-13T15:41:08 GMT" duration-ms="0" status="PASS">
          <params>
            <param index="0">
              <value>
                <![CDATA[[TestResult name=test2 status=SUCCESS method=Test_HW_WExtReports_Add2Cart_EmptyCart_DataDriven.test2(java.lang.String)[pri:0, instance:demo.Test_HW_WExtReports_Add2Cart_EmptyCart_DataDriven@2f7c2f4f] output={null}]]]>
              </value>
            </param>
          </params>
          <reporter-output>
          </reporter-output>
        </test-method> <!-- afterMethod -->
        <test-method signature="test3()[pri:0, instance:demo.Test_HW_WExtReports_Add2Cart_EmptyCart_DataDriven@2f7c2f4f]" started-at="2021-12-13T15:41:08 GMT" name="test3" finished-at="2021-12-13T15:41:19 GMT" duration-ms="10776" status="PASS">
          <reporter-output>
          </reporter-output>
        </test-method> <!-- test3 -->
        <test-method signature="test5()[pri:0, instance:demo.Test_HW_WExtReports_Add2Cart_EmptyCart_DataDriven@2f7c2f4f]" started-at="2021-12-13T15:41:19 GMT" name="test5" finished-at="2021-12-13T15:41:21 GMT" duration-ms="2107" status="PASS">
          <reporter-output>
          </reporter-output>
        </test-method> <!-- test5 -->
        <test-method is-config="true" signature="afterMethod(org.testng.ITestResult)[pri:0, instance:demo.Test_HW_WExtReports_Add2Cart_EmptyCart_DataDriven@2f7c2f4f]" started-at="2021-12-13T15:41:19 GMT" name="afterMethod" finished-at="2021-12-13T15:41:19 GMT" duration-ms="0" status="PASS">
          <params>
            <param index="0">
              <value>
                <![CDATA[[TestResult name=test3 status=SUCCESS method=Test_HW_WExtReports_Add2Cart_EmptyCart_DataDriven.test3()[pri:0, instance:demo.Test_HW_WExtReports_Add2Cart_EmptyCart_DataDriven@2f7c2f4f] output={null}]]]>
              </value>
            </param>
          </params>
          <reporter-output>
          </reporter-output>
        </test-method> <!-- afterMethod -->
        <test-method is-config="true" signature="afterMethod(org.testng.ITestResult)[pri:0, instance:demo.Test_HW_WExtReports_Add2Cart_EmptyCart_DataDriven@2f7c2f4f]" started-at="2021-12-13T15:41:21 GMT" name="afterMethod" finished-at="2021-12-13T15:41:21 GMT" duration-ms="0" status="PASS">
          <params>
            <param index="0">
              <value>
                <![CDATA[[TestResult name=test5 status=SUCCESS method=Test_HW_WExtReports_Add2Cart_EmptyCart_DataDriven.test5()[pri:0, instance:demo.Test_HW_WExtReports_Add2Cart_EmptyCart_DataDriven@2f7c2f4f] output={null}]]]>
              </value>
            </param>
          </params>
          <reporter-output>
          </reporter-output>
        </test-method> <!-- afterMethod -->
        <test-method is-config="true" signature="tearDownTest()[pri:0, instance:demo.Test_HW_WExtReports_Add2Cart_EmptyCart_DataDriven@2f7c2f4f]" started-at="2021-12-13T15:41:21 GMT" name="tearDownTest" finished-at="2021-12-13T15:41:25 GMT" duration-ms="4199" status="PASS">
          <reporter-output>
          </reporter-output>
        </test-method> <!-- tearDownTest -->
        <test-method is-config="true" signature="tearDown()[pri:0, instance:demo.Test_HW_WExtReports_Add2Cart_EmptyCart_DataDriven@2f7c2f4f]" started-at="2021-12-13T15:41:25 GMT" name="tearDown" finished-at="2021-12-13T15:41:26 GMT" duration-ms="271" status="PASS">
          <reporter-output>
          </reporter-output>
        </test-method> <!-- tearDown -->
      </class> <!-- demo.Test_HW_WExtReports_Add2Cart_EmptyCart_DataDriven -->
    </test> <!-- Default test -->
  </suite> <!-- Default suite -->
</testng-results>
