<?xml version="1.0" encoding="UTF-8"?>
<testng-results skipped="0" failed="0" ignored="0" total="1" passed="1">
  <reporter-output>
  </reporter-output>
  <suite name="Default suite" duration-ms="13208" started-at="2019-12-20T16:15:51 GMT" finished-at="2019-12-20T16:16:05 GMT">
    <groups>
    </groups>
    <test name="Default test" duration-ms="13208" started-at="2019-12-20T16:15:51 GMT" finished-at="2019-12-20T16:16:05 GMT">
      <class name="demo.Test1">
        <test-method status="PASS" signature="setUp()[pri:0, instance:demo.Test1@467aecef]" name="setUp" is-config="true" duration-ms="5706" started-at="2019-12-20T16:15:51 GMT" finished-at="2019-12-20T16:15:57 GMT">
          <reporter-output>
          </reporter-output>
        </test-method> <!-- setUp -->
        <test-method status="PASS" signature="test1()[pri:0, instance:demo.Test1@467aecef]" name="test1" duration-ms="6847" started-at="2019-12-20T16:15:57 GMT" finished-at="2019-12-20T16:16:04 GMT">
          <reporter-output>
          </reporter-output>
        </test-method> <!-- test1 -->
        <test-method status="PASS" signature="tearDown()[pri:0, instance:demo.Test1@467aecef]" name="tearDown" is-config="true" duration-ms="615" started-at="2019-12-20T16:16:04 GMT" finished-at="2019-12-20T16:16:05 GMT">
          <reporter-output>
          </reporter-output>
        </test-method> <!-- tearDown -->
      </class> <!-- demo.Test1 -->
    </test> <!-- Default test -->
  </suite> <!-- Default suite -->
</testng-results>
