<?xml version="1.0" encoding="UTF-8"?>
<!-- Generated by org.testng.reporters.JUnitXMLReporter -->
<testsuite hostname="Dell1" ignored="0" name="Default test" tests="6" failures="0" timestamp="2021-11-20T06:01:04 GMT" time="54.908" errors="0">
  <testcase name="test1" time="15.037" classname="demo.Test_HW_WExtReports_Add2Cart_EmptyCart_DataDriven_using_abstract"/>
  <testcase name="test2" time="8.189" classname="demo.Test_HW_WExtReports_Add2Cart_EmptyCart_DataDriven_using_abstract"/>
  <testcase name="test2" time="9.941" classname="demo.Test_HW_WExtReports_Add2Cart_EmptyCart_DataDriven_using_abstract"/>
  <testcase name="test2" time="7.868" classname="demo.Test_HW_WExtReports_Add2Cart_EmptyCart_DataDriven_using_abstract"/>
  <testcase name="test3" time="7.674" classname="demo.Test_HW_WExtReports_Add2Cart_EmptyCart_DataDriven_using_abstract"/>
  <testcase name="test5" time="1.88" classname="demo.Test_HW_WExtReports_Add2Cart_EmptyCart_DataDriven_using_abstract"/>
</testsuite> <!-- Default test -->
