<?xml version="1.0" encoding="UTF-8"?>
<!-- Generated by org.testng.reporters.JUnitXMLReporter -->
<testsuite ignored="0" hostname="Dell1" failures="0" tests="6" name="Default test" time="85.718" errors="0" timestamp="2021-12-13T15:41:25 GMT">
  <testcase classname="demo.Test_HW_WExtReports_Add2Cart_EmptyCart_DataDriven" name="test1" time="21.316"/>
  <testcase classname="demo.Test_HW_WExtReports_Add2Cart_EmptyCart_DataDriven" name="test2" time="27.989"/>
  <testcase classname="demo.Test_HW_WExtReports_Add2Cart_EmptyCart_DataDriven" name="test2" time="8.871"/>
  <testcase classname="demo.Test_HW_WExtReports_Add2Cart_EmptyCart_DataDriven" name="test2" time="8.346"/>
  <testcase classname="demo.Test_HW_WExtReports_Add2Cart_EmptyCart_DataDriven" name="test3" time="10.776"/>
  <testcase classname="demo.Test_HW_WExtReports_Add2Cart_EmptyCart_DataDriven" name="test5" time="2.107"/>
</testsuite> <!-- Default test -->
